{"level":"error","message":"Cast to ObjectId failed for value \"ktr\" (type string) at path \"_id\" for model \"users\""}
{"level":"error","message":"Projection cannot have a mix of inclusion and exclusion."}
{"level":"error","message":"Cannot read properties of undefined (reading 'length')"}
{"level":"error","message":"Cannot read properties of undefined (reading '_id')"}
{"level":"error","message":"Cannot read properties of undefined (reading 'id')"}
{"level":"error","message":"connect ECONNREFUSED 127.0.0.1:27017"}
{"level":"error","message":"friendList is not defined"}
{"level":"error","message":"friendList is not defined"}
{"level":"error","message":"friendList is not defined"}
{"level":"error","message":"friendList is not defined"}
{"level":"error","message":"friendList is not defined"}
{"level":"error","message":"friendList is not defined"}
{"level":"error","message":"No matching document found for id \"61cae8dce6dd93b528bd020a\" version 70 modifiedPaths \"friends\""}
{"level":"error","message":"No matching document found for id \"61cae8dce6dd93b528bd020a\" version 73 modifiedPaths \"friends\""}
{"level":"error","message":"No matching document found for id \"61cae8dce6dd93b528bd020a\" version 73 modifiedPaths \"friends\""}
{"level":"error","message":"No matching document found for id \"61cae953e6dd93b528bd0223\" version 15 modifiedPaths \"friends\""}
{"level":"error","message":"Cannot read properties of undefined (reading 'filename')"}
{"level":"error","message":"Cannot read properties of undefined (reading 'filename')"}
{"level":"error","message":"Cannot read properties of undefined (reading 'filename')"}
{"level":"error","message":"Cannot read properties of undefined (reading 'filename')"}
{"level":"error","message":"posts validation failed: message: Path `message` (`Added new .dropdown-menu-dark variant and associated variables for on-demand dark dropdowns.  Added new variable for $dropdown-padding-x.  Darkened the dropdown divider for improved contrast.  Breaking All the events for the dropdown are now triggered on the dropdown toggle button and then bubbled up to the parent element.`) is longer than the maximum allowed length (255)."}
{"level":"error","message":"posts validation failed: message: Path `message` (`Added new .dropdown-menu-dark variant and associated variables for on-demand dark dropdowns.  Added new variable for $dropdown-padding-x.  Darkened the dropdown divider for improved contrast.  Breaking All the events for the dropdown are now triggered on the dropdown toggle button and then bubbled up to the parent element.`) is longer than the maximum allowed length (255)."}
{"level":"error","message":"posts validation failed: message: Path `message` (`Added new .dropdown-menu-dark variant and associated variables for on-demand dark dropdowns.  Added new variable for $dropdown-padding-x.  Darkened the dropdown divider for improved contrast.  Breaking All the events for the dropdown are now triggered on the dropdown toggle button and then bubbled up to the parent element.`) is longer than the maximum allowed length (255)."}
{"level":"error","message":"Cast to ObjectId failed for value \"false\" (type string) at path \"conversation\" for model \"messages\""}
{"level":"error","message":"Cast to ObjectId failed for value \"false\" (type string) at path \"conversation\" for model \"messages\""}
{"level":"error","message":"Cast to ObjectId failed for value \"false\" (type string) at path \"conversation\" for model \"messages\""}
{"level":"error","message":"Cast to ObjectId failed for value \"undefined\" (type string) at path \"user\" for model \"posts\""}
{"level":"error","message":"Cast to ObjectId failed for value \"undefined\" (type string) at path \"user\" for model \"posts\""}
{"level":"error","message":"Cast to ObjectId failed for value \"undefined\" (type string) at path \"user\" for model \"posts\""}
{"level":"error","message":"Cast to ObjectId failed for value \"1\" (type string) at path \"user\" for model \"posts\""}
{"level":"error","message":"Cast to ObjectId failed for value \"undefined\" (type string) at path \"user\" for model \"posts\""}
{"level":"error","message":"Cast to ObjectId failed for value \"undefined\" (type string) at path \"user\" for model \"posts\""}
{"level":"error","message":"Cast to ObjectId failed for value \"[object Object]\" (type string) at path \"user\" for model \"posts\""}
{"level":"error","message":"Cast to ObjectId failed for value \"[object Object]\" (type string) at path \"user\" for model \"posts\""}
{"level":"error","message":"Cast to ObjectId failed for value \"[object Object]\" (type string) at path \"user\" for model \"posts\""}
{"level":"error","message":"Cast to ObjectId failed for value \"undefined\" (type string) at path \"user\" for model \"posts\""}
{"level":"error","message":"Cast to ObjectId failed for value \"undefined\" (type string) at path \"user\" for model \"posts\""}
{"level":"error","message":"Cast to ObjectId failed for value \"undefined\" (type string) at path \"user\" for model \"posts\""}
{"level":"error","message":"Cast to ObjectId failed for value \"undefined\" (type string) at path \"user\" for model \"posts\""}
{"level":"error","message":"Cast to ObjectId failed for value \"undefined\" (type string) at path \"user\" for model \"posts\""}
{"level":"error","message":"Cast to ObjectId failed for value \"undefined\" (type string) at path \"user\" for model \"posts\""}
{"level":"error","message":"Cast to ObjectId failed for value \"undefined\" (type string) at path \"user\" for model \"posts\""}
{"level":"error","message":"Cast to ObjectId failed for value \"undefined\" (type string) at path \"user\" for model \"posts\""}
{"level":"error","message":"Cast to ObjectId failed for value \"undefined\" (type string) at path \"user\" for model \"posts\""}
{"level":"error","message":"Cast to ObjectId failed for value \"undefined\" (type string) at path \"user\" for model \"posts\""}
{"level":"error","message":"Cast to ObjectId failed for value \"undefined\" (type string) at path \"user\" for model \"posts\""}
{"level":"error","message":"Cast to ObjectId failed for value \"undefined\" (type string) at path \"user\" for model \"posts\""}
{"level":"error","message":"Cast to ObjectId failed for value \"undefined\" (type string) at path \"user\" for model \"posts\""}
{"level":"error","message":"Cast to ObjectId failed for value \"undefined\" (type string) at path \"user\" for model \"posts\""}
{"level":"error","message":"Cast to ObjectId failed for value \"undefined\" (type string) at path \"user\" for model \"posts\""}
{"level":"error","message":"Cast to ObjectId failed for value \"undefined\" (type string) at path \"user\" for model \"posts\""}
{"level":"error","message":"Cast to ObjectId failed for value \"undefined\" (type string) at path \"user\" for model \"posts\""}
{"level":"error","message":"Cast to ObjectId failed for value \"undefined\" (type string) at path \"user\" for model \"posts\""}
{"level":"error","message":"Cast to ObjectId failed for value \"undefined\" (type string) at path \"user\" for model \"posts\""}
{"level":"error","message":"Cast to ObjectId failed for value \"undefined\" (type string) at path \"user\" for model \"posts\""}
{"level":"error","message":"Cast to ObjectId failed for value \"undefined\" (type string) at path \"user\" for model \"posts\""}
{"level":"error","message":"Cast to ObjectId failed for value \"jnk\" (type string) at path \"_id\" for model \"users\""}
{"level":"error","message":"Cast to ObjectId failed for value \"jnk\" (type string) at path \"_id\" for model \"users\""}
{"level":"error","message":"Cast to ObjectId failed for value \"jnk\" (type string) at path \"_id\" for model \"users\""}
{"level":"error","message":"Cast to ObjectId failed for value \"jnk\" (type string) at path \"_id\" for model \"users\""}
{"level":"error","message":"Cast to ObjectId failed for value \"jnk\" (type string) at path \"_id\" for model \"users\""}
{"level":"error","message":"Cast to ObjectId failed for value \"jnk\" (type string) at path \"_id\" for model \"users\""}
{"level":"error","message":"Cast to ObjectId failed for value \"jnk\" (type string) at path \"_id\" for model \"users\""}
{"level":"error","message":"Cast to ObjectId failed for value \"jnk\" (type string) at path \"_id\" for model \"users\""}
{"level":"error","message":"Cast to ObjectId failed for value \"jnk\" (type string) at path \"_id\" for model \"users\""}
{"level":"error","message":"Cast to ObjectId failed for value \"jnk\" (type string) at path \"_id\" for model \"users\""}
{"level":"error","message":"Cast to ObjectId failed for value \" mngf\" (type string) at path \"_id\" for model \"users\""}
{"level":"error","message":"Cast to ObjectId failed for value \" mngf\" (type string) at path \"_id\" for model \"users\""}
{"level":"error","message":"Cast to ObjectId failed for value \" mngf\" (type string) at path \"_id\" for model \"users\""}
{"level":"error","message":"Cast to ObjectId failed for value \" mngf\" (type string) at path \"_id\" for model \"users\""}
{"level":"error","message":"Cast to ObjectId failed for value \" mngf\" (type string) at path \"_id\" for model \"users\""}
{"level":"error","message":"Cast to ObjectId failed for value \"jk\" (type string) at path \"_id\" for model \"users\""}
{"level":"error","message":"Cast to ObjectId failed for value \"jk\" (type string) at path \"_id\" for model \"users\""}
{"level":"error","message":"Cast to ObjectId failed for value \"jk\" (type string) at path \"_id\" for model \"users\""}
{"level":"error","message":"Cast to ObjectId failed for value \"jk\" (type string) at path \"_id\" for model \"users\""}
{"level":"error","message":"Cast to ObjectId failed for value \"jk\" (type string) at path \"_id\" for model \"users\""}
{"level":"error","message":"Cast to ObjectId failed for value \"jk\" (type string) at path \"_id\" for model \"users\""}
{"level":"error","message":"No matching document found for id \"61cae8dce6dd93b528bd020a\" version 386 modifiedPaths \"friends\""}
{"level":"error","message":"No matching document found for id \"61cae8dce6dd93b528bd020a\" version 389 modifiedPaths \"friends\""}
{"level":"error","message":"No matching document found for id \"61cae8dce6dd93b528bd020a\" version 389 modifiedPaths \"friends\""}
{"level":"error","message":"No matching document found for id \"61cae8dce6dd93b528bd020a\" version 392 modifiedPaths \"friends\""}
{"level":"error","message":"No matching document found for id \"61cae8dce6dd93b528bd020a\" version 392 modifiedPaths \"friends\""}
{"level":"error","message":"No matching document found for id \"61cae8dce6dd93b528bd020a\" version 392 modifiedPaths \"friends\""}
{"level":"error","message":"No matching document found for id \"61cae8dce6dd93b528bd020a\" version 396 modifiedPaths \"friends\""}
{"level":"error","message":"No matching document found for id \"61cae8dce6dd93b528bd020a\" version 396 modifiedPaths \"friends\""}
{"level":"error","message":"No matching document found for id \"61cae8dce6dd93b528bd020a\" version 396 modifiedPaths \"friends\""}
{"level":"error","message":"No matching document found for id \"61cae8dce6dd93b528bd020a\" version 396 modifiedPaths \"friends\""}
